c:\users\herve\dev\v5\text2scene\text2scene\debug\text2scene.pdb
c:\users\herve\dev\v5\text2scene\text2scene\debug\text2scene.idb
c:\users\herve\dev\v5\text2scene\text2scene\debug\fdparser.obj
c:\users\herve\dev\v5\text2scene\text2scene\debug\lexicon.obj
c:\users\herve\dev\v5\text2scene\text2scene\debug\pugixml.obj
c:\users\herve\dev\v5\text2scene\text2scene\debug\rtfparser.obj
c:\users\herve\dev\v5\text2scene\text2scene\debug\xmlreader.obj
c:\users\herve\dev\v5\text2scene\text2scene\debug\text2scene.obj
c:\users\herve\dev\v5\text2scene\debug\text2scene.lib
c:\users\herve\dev\git\text2scene\text2scene\debug\fdparser.obj
c:\users\herve\dev\git\text2scene\text2scene\debug\lexicon.obj
c:\users\herve\dev\git\text2scene\text2scene\debug\pugixml.obj
c:\users\herve\dev\git\text2scene\text2scene\debug\rtfparser.obj
c:\users\herve\dev\git\text2scene\text2scene\debug\text2scene.obj
c:\users\herve\dev\git\text2scene\text2scene\debug\xmlreader.obj
c:\users\herve\dev\git\text2scene\text2scene\debug\text2scene.idb
c:\users\herve\dev\git\text2scene\text2scene\debug\text2scene.pdb
c:\users\herve\dev\git\text2scene\debug\text2scene.pdb
c:\users\herve\dev\git\text2scene\debug\text2scene.lib
c:\users\herve\dev\git\text2scene\text2scene\debug\text2scene.tlog\cl.command.1.tlog
c:\users\herve\dev\git\text2scene\text2scene\debug\text2scene.tlog\cl.read.1.tlog
c:\users\herve\dev\git\text2scene\text2scene\debug\text2scene.tlog\cl.write.1.tlog
c:\users\herve\dev\git\text2scene\text2scene\debug\text2scene.tlog\lib-link.read.1.tlog
c:\users\herve\dev\git\text2scene\text2scene\debug\text2scene.tlog\lib-link.write.1.tlog
c:\users\herve\dev\git\text2scene\text2scene\debug\text2scene.tlog\lib.command.1.tlog
