Build started 2015-10-31 4:35:45 PM.
     1>Project "C:\Users\herve\dev\v5\Text2Scene\Text2Scene\Text2Scene.vcxproj" on node 2 (Rebuild target(s)).
     1>ClCompile:
         C:\Program Files (x86)\Microsoft Visual Studio 14.0\VC\bin\CL.exe /c /I"C:\Program Files (x86)\Visual Leak Detector\include" /Zi /nologo /W3 /WX- /sdl /O2 /Oi /Oy- /GL /D WIN32 /D NDEBUG /D _LIB /D _CRT_SECURE_NO_WARNINGS /D _UNICODE /D UNICODE /Gm- /EHsc /MD /GS /Gy /fp:precise /Zc:wchar_t /Zc:forScope /Zc:inline /Fo"Release\\" /Fd"Release\Text2Scene.pdb" /Gd /TP /analyze- /errorReport:prompt FDParser.cpp Lexicon.cpp pugixml\pugixml.cpp RTFparser.cpp Text2Scene.cpp XmlReader.cpp
         FDParser.cpp
         Lexicon.cpp
         pugixml.cpp
         RTFparser.cpp
         Text2Scene.cpp
         XmlReader.cpp
       Lib:
         C:\Program Files (x86)\Microsoft Visual Studio 14.0\VC\bin\Lib.exe /OUT:"C:\Users\herve\dev\v5\Text2Scene\Release\Text2Scene.lib" /LIBPATH:"C:\Program Files (x86)\Visual Leak Detector\lib\Win32" /NOLOGO /LTCG Release\FDParser.obj
         Release\Lexicon.obj
         Release\pugixml.obj
         Release\RTFparser.obj
         Release\Text2Scene.obj
         Release\XmlReader.obj
         Text2Scene.vcxproj -> C:\Users\herve\dev\v5\Text2Scene\Release\Text2Scene.lib
     1>Done Building Project "C:\Users\herve\dev\v5\Text2Scene\Text2Scene\Text2Scene.vcxproj" (Rebuild target(s)).

Build succeeded.

Time Elapsed 00:00:02.99
