c:\users\hervé\documents\v5\dev\text2scene\text2scene\release\text2scene.obj
c:\users\hervé\documents\v5\dev\text2scene\text2scene\release\rtfparser.obj
c:\users\hervé\documents\v5\dev\text2scene\text2scene\release\fdparser.obj
c:\users\hervé\documents\v5\dev\text2scene\text2scene\release\tokenizer.obj
c:\users\hervé\documents\v5\dev\text2scene\text2scene\release\pugixml.obj
c:\users\hervé\documents\v5\dev\text2scene\text2scene\release\lexicon.obj
c:\users\hervé\documents\v5\dev\text2scene\text2scene\release\vc110.pdb
c:\users\hervé\documents\v5\dev\text2scene\text2scene\release\chunker.obj
c:\users\hervé\documents\v5\dev\text2scene\text2scene\release\xmlparser.obj
c:\users\hervé\documents\v5\dev\text2scene\text2scene\release\fdchunker.obj
c:\users\hervé\documents\v5\dev\text2scene\text2scene\release\xmlreader.obj
c:\users\hervé\documents\v5\dev\text2scene\release\text2scene.lib
c:\users\herve\dev\v5\text2scene\text2scene\release\text2scene.pdb
c:\users\herve\dev\v5\text2scene\text2scene\release\xmlreader.obj
c:\users\herve\dev\v5\text2scene\text2scene\release\text2scene.obj
c:\users\herve\dev\v5\text2scene\text2scene\release\rtfparser.obj
c:\users\herve\dev\v5\text2scene\text2scene\release\pugixml.obj
c:\users\herve\dev\v5\text2scene\text2scene\release\lexicon.obj
c:\users\herve\dev\v5\text2scene\text2scene\release\fdparser.obj
c:\users\herve\dev\v5\text2scene\release\text2scene.lib
c:\users\herve\dev\v5\text2scene\text2scene\release\chunker.obj
c:\users\herve\dev\v5\text2scene\text2scene\release\fdchunker.obj
c:\users\herve\dev\v5\text2scene\text2scene\release\tokenizer.obj
c:\users\herve\dev\v5\text2scene\text2scene\release\xmlparser.obj
c:\users\herve\dev\v5\text2scene\text2scene\release\cl.command.1.tlog
c:\users\herve\dev\v5\text2scene\text2scene\release\cl.read.1.tlog
c:\users\herve\dev\v5\text2scene\text2scene\release\cl.write.1.tlog
c:\users\herve\dev\v5\text2scene\text2scene\release\lib-link.read.1.tlog
c:\users\herve\dev\v5\text2scene\text2scene\release\lib-link.write.1.tlog
c:\users\herve\dev\v5\text2scene\text2scene\release\lib.command.1.tlog
c:\users\herve\dev\v5\text2scene\text2scene\release\vc110.pdb
c:\users\herve\dev\v5\text2scene\text2scene\release\text2scene.tlog\cl.command.1.tlog
c:\users\herve\dev\v5\text2scene\text2scene\release\text2scene.tlog\cl.read.1.tlog
c:\users\herve\dev\v5\text2scene\text2scene\release\text2scene.tlog\cl.write.1.tlog
c:\users\herve\dev\v5\text2scene\text2scene\release\text2scene.tlog\lib-link.read.1.tlog
c:\users\herve\dev\v5\text2scene\text2scene\release\text2scene.tlog\lib-link.write.1.tlog
c:\users\herve\dev\v5\text2scene\text2scene\release\text2scene.tlog\lib.command.1.tlog
